<?xml version="1.0" encoding="UTF-8"?>
<!-- Generated by org.testng.reporters.JUnitReportReporter -->
<testsuite hostname="LP-C02D12ZLMD6N" failures="0" tests="1" name="com.ibm.security.apitest.Instrxml" time="6.453" errors="0" timestamp="2021-08-20T19:10:20 IST" skipped="0">
  <testcase classname="com.ibm.security.apitest.Instrxml" name="INSTRXMLResponse" time="6.453"/>
  <system-out/>
</testsuite> <!-- com.ibm.security.apitest.Instrxml -->
